0	0	1	item0_1.jpeg
1	0	0	item100_.jpeg
2	1	1	item101_10.jpeg
3	0	1	item102_1.jpeg
4	1	0	item103_0.jpeg
5	1	0	item104_0.jpeg
6	1	1	item105_10.jpeg
7	1	0	item106_0.jpeg
8	0	0	item107_.jpeg
9	1	1	item108_01.jpeg
10	1	0	item109_0.jpeg
11	0	1	item10_1.jpeg
12	0	0	item110_.jpeg
13	1	1	item111_01.jpeg
14	0	1	item112_1.jpeg
15	1	0	item113_0.jpeg
16	1	1	item114_10.jpeg
17	1	1	item115_01.jpeg
18	1	1	item116_01.jpeg
19	0	1	item117_1.jpeg
20	1	1	item118_01.jpeg
21	0	0	item119_.jpeg
22	0	0	item11_.jpeg
23	0	1	item120_1.jpeg
24	0	0	item121_.jpeg
25	1	1	item122_01.jpeg
26	1	0	item123_0.jpeg
27	1	0	item124_0.jpeg
28	1	1	item125_01.jpeg
29	1	1	item126_10.jpeg
30	0	0	item127_.jpeg
31	1	0	item128_0.jpeg
32	0	1	item129_1.jpeg
33	1	1	item12_10.jpeg
34	1	0	item131_0.jpeg
35	0	1	item132_1.jpeg
36	1	0	item133_0.jpeg
37	0	1	item134_1.jpeg
38	1	1	item135_10.jpeg
39	0	1	item136_1.jpeg
40	0	1	item137_1.jpeg
41	1	0	item138_0.jpeg
42	1	1	item139_10.jpeg
43	1	1	item13_10.jpeg
44	0	0	item140_.jpeg
45	0	0	item141_.jpeg
46	1	0	item142_0.jpeg
47	1	1	item143_10.jpeg
48	1	1	item144_01.jpeg
49	0	0	item145_.jpeg
50	0	0	item146_.jpeg
51	0	1	item147_1.jpeg
52	0	0	item148_.jpeg
53	1	1	item149_10.jpeg
54	0	0	item14_.jpeg
55	1	1	item150_10.jpeg
56	1	1	item151_01.jpeg
57	0	0	item152_.jpeg
58	0	0	item153_.jpeg
59	0	1	item154_1.jpeg
60	0	0	item155_.jpeg
61	1	1	item156_10.jpeg
62	0	0	item157_.jpeg
63	0	1	item158_1.jpeg
64	1	0	item159_0.jpeg
65	1	0	item15_0.jpeg
66	0	0	item160_.jpeg
67	0	0	item161_.jpeg
68	0	0	item162_.jpeg
69	1	1	item163_10.jpeg
70	1	1	item164_01.jpeg
71	0	0	item165_.jpeg
72	0	0	item166_.jpeg
73	1	1	item167_10.jpeg
74	0	0	item168_.jpeg
75	0	0	item169_.jpeg
76	1	1	item16_01.jpeg
77	0	0	item170_.jpeg
78	0	1	item171_1.jpeg
79	1	1	item172_01.jpeg
80	0	0	item173_.jpeg
81	0	0	item174_.jpeg
82	1	1	item176_01.jpeg
83	0	1	item177_1.jpeg
84	0	0	item178_.jpeg
85	1	1	item179_10.jpeg
86	1	1	item17_10.jpeg
87	1	0	item180_0.jpeg
88	0	1	item181_1.jpeg
89	0	1	item182_1.jpeg
90	1	0	item183_0.jpeg
91	0	0	item185_.jpeg
92	0	1	item186_1.jpeg
93	1	1	item187_10.jpeg
94	1	1	item189_01.jpeg
95	1	1	item190_10.jpeg
96	1	1	item191_10.jpeg
97	1	1	item192_01.jpeg
98	1	1	item193_01.jpeg
99	0	1	item194_1.jpeg
100	1	0	item195_0.jpeg
101	0	0	item196_.jpeg
102	1	1	item197_01.jpeg
103	0	0	item199_.jpeg
104	1	1	item19_01.jpeg
105	0	0	item1_.jpeg
106	0	1	item200_1.jpeg
107	0	0	item201_.jpeg
108	1	1	item202_10.jpeg
109	1	1	item203_01.jpeg
110	0	1	item204_1.jpeg
111	0	0	item205_.jpeg
112	0	0	item206_.jpeg
113	1	0	item207_0.jpeg
114	0	1	item208_1.jpeg
115	0	1	item209_1.jpeg
116	1	1	item20_01.jpeg
117	0	0	item210_.jpeg
118	1	1	item211_01.jpeg
119	0	1	item212_1.jpeg
120	0	0	item213_.jpeg
121	0	0	item214_.jpeg
122	0	0	item215_.jpeg
123	1	1	item216_01.jpeg
124	0	1	item217_1.jpeg
125	1	1	item218_10.jpeg
126	1	0	item219_0.jpeg
127	0	0	item21_.jpeg
128	1	1	item220_01.jpeg
129	0	0	item221_.jpeg
130	0	0	item222_.jpeg
131	1	1	item223_01.jpeg
132	0	0	item224_.jpeg
133	0	1	item225_1.jpeg
134	1	0	item226_0.jpeg
135	1	1	item227_01.jpeg
136	0	0	item228_.jpeg
137	0	0	item229_.jpeg
138	1	0	item22_0.jpeg
139	1	1	item230_01.jpeg
140	1	1	item231_10.jpeg
141	1	1	item232_10.jpeg
142	0	0	item233_.jpeg
143	1	0	item234_0.jpeg
144	0	1	item235_1.jpeg
145	0	0	item236_.jpeg
146	0	0	item237_.jpeg
147	1	0	item238_0.jpeg
148	0	0	item239_.jpeg
149	0	0	item23_.jpeg
150	0	0	item240_.jpeg
151	1	1	item241_10.jpeg
152	0	0	item242_.jpeg
153	1	0	item243_0.jpeg
154	0	1	item244_1.jpeg
155	1	0	item245_0.jpeg
156	0	0	item246_.jpeg
157	0	1	item247_1.jpeg
158	0	0	item248_.jpeg
159	0	1	item249_1.jpeg
160	1	0	item24_0.jpeg
161	1	1	item250_10.jpeg
162	0	0	item251_.jpeg
163	1	0	item252_0.jpeg
164	1	1	item253_01.jpeg
165	0	0	item254_.jpeg
166	1	1	item255_01.jpeg
167	1	1	item256_01.jpeg
168	1	0	item257_0.jpeg
169	1	1	item258_10.jpeg
170	1	1	item259_10.jpeg
171	0	0	item25_.jpeg
172	1	1	item260_10.jpeg
173	0	0	item261_.jpeg
174	1	1	item262_10.jpeg
175	0	1	item263_1.jpeg
176	0	1	item264_1.jpeg
177	1	1	item265_10.jpeg
178	1	1	item266_01.jpeg
179	0	0	item267_.jpeg
180	1	1	item268_01.jpeg
181	0	0	item269_.jpeg
182	1	0	item26_0.jpeg
183	0	0	item270_.jpeg
184	0	0	item271_.jpeg
185	0	0	item272_.jpeg
186	0	0	item273_.jpeg
187	1	1	item274_10.jpeg
188	1	1	item275_01.jpeg
189	0	0	item276_.jpeg
190	0	0	item277_.jpeg
191	0	0	item278_.jpeg
192	0	0	item279_.jpeg
193	0	0	item27_.jpeg
194	0	0	item280_.jpeg
195	1	1	item281_01.jpeg
196	0	0	item282_.jpeg
197	0	0	item283_.jpeg
198	0	1	item284_1.jpeg
199	0	0	item285_.jpeg
200	0	0	item287_.jpeg
201	0	0	item288_.jpeg
202	0	1	item289_1.jpeg
203	0	0	item28_.jpeg
204	0	0	item290_.jpeg
205	0	1	item291_1.jpeg
206	0	1	item292_1.jpeg
207	0	1	item293_1.jpeg
208	1	0	item294_0.jpeg
209	0	0	item295_.jpeg
210	1	1	item296_10.jpeg
211	0	0	item297_.jpeg
212	1	1	item298_01.jpeg
213	0	0	item299_.jpeg
214	1	1	item29_01.jpeg
215	0	1	item2_1.jpeg
216	0	0	item300_.jpeg
217	0	1	item301_1.jpeg
218	1	1	item302_10.jpeg
219	0	0	item303_.jpeg
220	1	1	item304_01.jpeg
221	0	0	item306_.jpeg
222	0	0	item307_.jpeg
223	1	1	item308_01.jpeg
224	0	0	item309_.jpeg
225	0	0	item30_.jpeg
226	1	1	item310_01.jpeg
227	1	0	item311_0.jpeg
228	1	0	item312_0.jpeg
229	1	1	item313_10.jpeg
230	1	0	item315_0.jpeg
231	0	0	item316_.jpeg
232	0	1	item317_1.jpeg
233	0	0	item318_.jpeg
234	1	1	item319_10.jpeg
235	0	1	item31_1.jpeg
236	0	0	item320_.jpeg
237	0	0	item321_.jpeg
238	1	1	item322_01.jpeg
239	0	0	item323_.jpeg
240	0	0	item324_.jpeg
241	0	1	item325_1.jpeg
242	1	1	item327_01.jpeg
243	1	1	item328_10.jpeg
244	0	0	item329_.jpeg
245	1	1	item32_01.jpeg
246	0	0	item330_.jpeg
247	1	1	item331_01.jpeg
248	0	1	item332_1.jpeg
249	1	1	item333_01.jpeg
250	0	0	item334_.jpeg
251	0	1	item335_1.jpeg
252	1	0	item336_0.jpeg
253	0	0	item337_.jpeg
254	0	0	item338_.jpeg
255	1	1	item339_01.jpeg
256	0	0	item33_.jpeg
257	0	1	item340_1.jpeg
258	0	0	item341_.jpeg
259	0	0	item342_.jpeg
260	0	1	item343_1.jpeg
261	0	0	item344_.jpeg
262	1	0	item345_0.jpeg
263	1	1	item346_10.jpeg
264	0	0	item347_.jpeg
265	0	0	item348_.jpeg
266	1	0	item349_0.jpeg
267	0	0	item34_.jpeg
268	1	1	item350_10.jpeg
269	1	1	item351_01.jpeg
270	1	1	item352_01.jpeg
271	1	1	item353_01.jpeg
272	1	0	item354_0.jpeg
273	0	0	item355_.jpeg
274	0	1	item356_1.jpeg
275	1	0	item357_0.jpeg
276	1	1	item358_01.jpeg
277	1	1	item359_10.jpeg
278	1	1	item35_10.jpeg
279	0	1	item360_1.jpeg
280	1	1	item361_01.jpeg
281	0	0	item363_.jpeg
282	0	1	item364_1.jpeg
283	1	1	item365_10.jpeg
284	0	1	item366_1.jpeg
285	1	0	item367_0.jpeg
286	1	1	item368_01.jpeg
287	0	0	item369_.jpeg
288	0	1	item371_1.jpeg
289	0	0	item372_.jpeg
290	1	1	item373_01.jpeg
291	1	0	item374_0.jpeg
292	1	0	item375_0.jpeg
293	1	1	item376_10.jpeg
294	0	0	item377_.jpeg
295	1	1	item378_01.jpeg
296	1	0	item379_0.jpeg
297	0	0	item37_.jpeg
298	0	0	item380_.jpeg
299	1	1	item381_01.jpeg
300	1	1	item382_10.jpeg
301	0	0	item383_.jpeg
302	1	1	item384_10.jpeg
303	0	0	item385_.jpeg
304	1	1	item386_01.jpeg
305	0	0	item387_.jpeg
306	0	0	item388_.jpeg
307	1	1	item389_01.jpeg
308	1	0	item38_0.jpeg
309	0	0	item390_.jpeg
310	1	1	item391_01.jpeg
311	1	1	item392_01.jpeg
312	0	1	item393_1.jpeg
313	0	0	item394_.jpeg
314	1	1	item395_10.jpeg
315	1	1	item396_10.jpeg
316	1	0	item397_0.jpeg
317	1	1	item398_01.jpeg
318	1	0	item399_0.jpeg
319	1	0	item39_0.jpeg
320	0	0	item3_.jpeg
321	0	0	item400_.jpeg
322	0	1	item401_1.jpeg
323	0	0	item402_.jpeg
324	0	1	item403_1.jpeg
325	1	0	item404_0.jpeg
326	1	1	item405_01.jpeg
327	0	0	item407_.jpeg
328	0	0	item408_.jpeg
329	1	1	item409_01.jpeg
330	1	1	item40_10.jpeg
331	1	1	item410_10.jpeg
332	0	0	item411_.jpeg
333	0	0	item412_.jpeg
334	1	1	item413_10.jpeg
335	0	1	item414_1.jpeg
336	1	1	item415_01.jpeg
337	1	0	item416_0.jpeg
338	0	1	item417_1.jpeg
339	0	0	item418_.jpeg
340	1	1	item419_01.jpeg
341	1	0	item41_0.jpeg
342	0	0	item420_.jpeg
343	0	0	item421_.jpeg
344	0	0	item422_.jpeg
345	1	1	item423_10.jpeg
346	1	0	item424_0.jpeg
347	1	1	item425_10.jpeg
348	0	1	item426_1.jpeg
349	0	0	item427_.jpeg
350	0	0	item428_.jpeg
351	1	0	item429_0.jpeg
352	1	1	item42_01.jpeg
353	1	0	item430_0.jpeg
354	1	0	item431_0.jpeg
355	1	1	item432_01.jpeg
356	1	0	item433_0.jpeg
357	0	0	item434_.jpeg
358	1	1	item435_10.jpeg
359	1	0	item436_0.jpeg
360	0	0	item437_.jpeg
361	1	1	item438_10.jpeg
362	0	0	item439_.jpeg
363	0	1	item43_1.jpeg
364	1	0	item440_0.jpeg
365	0	0	item441_.jpeg
366	1	1	item442_01.jpeg
367	1	0	item443_0.jpeg
368	1	1	item444_10.jpeg
369	0	0	item445_.jpeg
370	0	1	item446_1.jpeg
371	0	0	item447_.jpeg
372	1	0	item448_0.jpeg
373	1	1	item449_10.jpeg
374	1	0	item44_0.jpeg
375	1	1	item450_01.jpeg
376	0	0	item451_.jpeg
377	1	0	item452_0.jpeg
378	0	1	item454_1.jpeg
379	1	0	item455_0.jpeg
380	1	0	item456_0.jpeg
381	1	1	item457_10.jpeg
382	1	1	item458_01.jpeg
383	1	0	item459_0.jpeg
384	0	1	item45_1.jpeg
385	1	1	item460_10.jpeg
386	0	0	item461_.jpeg
387	1	1	item462_01.jpeg
388	1	1	item463_10.jpeg
389	0	1	item464_1.jpeg
390	1	1	item465_10.jpeg
391	1	1	item466_10.jpeg
392	1	1	item467_10.jpeg
393	0	0	item468_.jpeg
394	0	0	item46_.jpeg
395	0	0	item470_.jpeg
396	1	0	item471_0.jpeg
397	1	1	item472_10.jpeg
398	0	1	item473_1.jpeg
399	0	0	item474_.jpeg
400	1	1	item475_01.jpeg
401	1	1	item476_01.jpeg
402	1	0	item478_0.jpeg
403	1	1	item479_10.jpeg
404	0	1	item47_1.jpeg
405	0	1	item480_1.jpeg
406	1	1	item481_10.jpeg
407	0	0	item482_.jpeg
408	0	1	item484_1.jpeg
409	1	0	item485_0.jpeg
410	0	0	item486_.jpeg
411	0	1	item487_1.jpeg
412	1	1	item488_10.jpeg
413	0	1	item489_1.jpeg
414	1	0	item48_0.jpeg
415	1	1	item490_01.jpeg
416	1	1	item491_01.jpeg
417	1	1	item492_10.jpeg
418	0	1	item493_1.jpeg
419	1	0	item494_0.jpeg
420	0	1	item495_1.jpeg
421	0	0	item496_.jpeg
422	1	0	item497_0.jpeg
423	1	0	item498_0.jpeg
424	0	0	item499_.jpeg
425	1	1	item49_01.jpeg
426	0	0	item4_.jpeg
427	1	0	item500_0.jpeg
428	1	0	item501_0.jpeg
429	1	1	item502_10.jpeg
430	1	1	item503_10.jpeg
431	0	1	item504_1.jpeg
432	1	0	item505_0.jpeg
433	1	1	item506_10.jpeg
434	0	0	item507_.jpeg
435	1	1	item508_01.jpeg
436	1	1	item509_10.jpeg
437	0	0	item50_.jpeg
438	0	0	item510_.jpeg
439	0	0	item511_.jpeg
440	0	0	item512_.jpeg
441	0	0	item513_.jpeg
442	0	1	item514_1.jpeg
443	0	0	item515_.jpeg
444	0	0	item516_.jpeg
445	1	1	item517_01.jpeg
446	1	1	item518_01.jpeg
447	1	0	item51_0.jpeg
448	0	0	item520_.jpeg
449	0	1	item522_1.jpeg
450	1	1	item523_01.jpeg
451	1	1	item524_10.jpeg
452	0	0	item525_.jpeg
453	0	0	item526_.jpeg
454	1	0	item527_0.jpeg
455	0	0	item528_.jpeg
456	0	0	item529_.jpeg
457	0	1	item52_1.jpeg
458	0	0	item530_.jpeg
459	0	0	item531_.jpeg
460	0	0	item532_.jpeg
461	0	0	item533_.jpeg
462	1	1	item534_01.jpeg
463	0	0	item535_.jpeg
464	1	0	item536_0.jpeg
465	1	1	item537_01.jpeg
466	0	1	item538_1.jpeg
467	1	1	item53_01.jpeg
468	0	0	item540_.jpeg
469	1	1	item541_10.jpeg
470	1	1	item542_10.jpeg
471	1	0	item543_0.jpeg
472	0	0	item544_.jpeg
473	1	1	item545_01.jpeg
474	0	1	item546_1.jpeg
475	1	1	item547_01.jpeg
476	0	0	item548_.jpeg
477	1	0	item549_0.jpeg
478	1	0	item54_0.jpeg
479	1	1	item550_10.jpeg
480	0	1	item551_1.jpeg
481	0	0	item552_.jpeg
482	0	0	item553_.jpeg
483	1	1	item554_01.jpeg
484	1	1	item556_10.jpeg
485	1	1	item557_10.jpeg
486	0	0	item558_.jpeg
487	1	1	item559_10.jpeg
488	1	0	item55_0.jpeg
489	1	1	item560_01.jpeg
490	0	1	item562_1.jpeg
491	0	1	item563_1.jpeg
492	0	1	item564_1.jpeg
493	0	1	item565_1.jpeg
494	1	1	item566_10.jpeg
495	0	0	item567_.jpeg
496	1	1	item568_01.jpeg
497	1	1	item569_01.jpeg
498	1	0	item570_0.jpeg
499	1	1	item571_01.jpeg
500	1	0	item572_0.jpeg
501	0	0	item573_.jpeg
502	1	1	item574_10.jpeg
503	0	1	item575_1.jpeg
504	0	1	item576_1.jpeg
505	0	0	item577_.jpeg
506	1	1	item578_01.jpeg
507	1	1	item579_10.jpeg
508	0	1	item57_1.jpeg
509	0	0	item580_.jpeg
510	1	1	item581_01.jpeg
511	1	0	item583_0.jpeg
512	1	0	item584_0.jpeg
513	0	0	item585_.jpeg
514	0	1	item586_1.jpeg
515	1	1	item587_01.jpeg
516	1	0	item588_0.jpeg
517	1	1	item58_01.jpeg
518	1	1	item590_01.jpeg
519	1	1	item591_01.jpeg
520	1	1	item592_01.jpeg
521	0	0	item593_.jpeg
522	0	0	item594_.jpeg
523	0	0	item595_.jpeg
524	1	1	item596_01.jpeg
525	0	0	item597_.jpeg
526	0	0	item598_.jpeg
527	0	0	item599_.jpeg
528	1	0	item59_0.jpeg
529	0	1	item5_1.jpeg
530	1	1	item600_01.jpeg
531	0	0	item601_.jpeg
532	0	0	item602_.jpeg
533	0	0	item603_.jpeg
534	0	1	item604_1.jpeg
535	1	1	item605_01.jpeg
536	1	1	item606_01.jpeg
537	0	0	item607_.jpeg
538	1	1	item608_10.jpeg
539	1	1	item609_01.jpeg
540	1	1	item60_10.jpeg
541	0	0	item610_.jpeg
542	1	0	item611_0.jpeg
543	0	1	item612_1.jpeg
544	0	0	item613_.jpeg
545	1	1	item614_01.jpeg
546	1	0	item615_0.jpeg
547	1	1	item616_01.jpeg
548	1	1	item617_01.jpeg
549	0	1	item618_1.jpeg
550	1	1	item619_01.jpeg
551	0	1	item61_1.jpeg
552	1	1	item620_01.jpeg
553	0	1	item621_1.jpeg
554	0	1	item622_1.jpeg
555	1	0	item623_0.jpeg
556	1	0	item624_0.jpeg
557	1	0	item625_0.jpeg
558	1	1	item626_10.jpeg
559	0	1	item627_1.jpeg
560	0	0	item628_.jpeg
561	0	0	item629_.jpeg
562	0	1	item62_1.jpeg
563	1	0	item630_0.jpeg
564	0	0	item631_.jpeg
565	1	1	item632_01.jpeg
566	0	1	item633_1.jpeg
567	1	0	item634_0.jpeg
568	1	1	item635_10.jpeg
569	1	1	item636_10.jpeg
570	1	0	item637_0.jpeg
571	0	0	item638_.jpeg
572	0	0	item639_.jpeg
573	0	0	item63_.jpeg
574	0	0	item640_.jpeg
575	0	1	item641_1.jpeg
576	0	0	item642_.jpeg
577	1	1	item643_10.jpeg
578	0	1	item644_1.jpeg
579	1	1	item645_10.jpeg
580	0	1	item646_1.jpeg
581	0	1	item647_1.jpeg
582	0	1	item648_1.jpeg
583	1	0	item649_0.jpeg
584	0	0	item64_.jpeg
585	0	1	item650_1.jpeg
586	1	1	item651_10.jpeg
587	1	0	item652_0.jpeg
588	1	0	item653_0.jpeg
589	0	0	item654_.jpeg
590	0	1	item655_1.jpeg
591	0	0	item656_.jpeg
592	1	0	item657_0.jpeg
593	1	0	item658_0.jpeg
594	0	0	item659_.jpeg
595	1	1	item65_01.jpeg
596	0	1	item660_1.jpeg
597	1	1	item661_10.jpeg
598	0	0	item662_.jpeg
599	0	0	item663_.jpeg
600	1	1	item664_10.jpeg
601	1	1	item665_10.jpeg
602	1	0	item666_0.jpeg
603	1	1	item667_10.jpeg
604	1	0	item668_0.jpeg
605	1	1	item669_10.jpeg
606	1	1	item66_10.jpeg
607	1	1	item670_10.jpeg
608	1	0	item671_0.jpeg
609	0	0	item672_.jpeg
610	1	1	item673_01.jpeg
611	0	0	item674_.jpeg
612	0	0	item675_.jpeg
613	0	0	item676_.jpeg
614	0	0	item677_.jpeg
615	0	0	item678_.jpeg
616	0	1	item679_1.jpeg
617	1	0	item67_0.jpeg
618	1	1	item680_01.jpeg
619	0	0	item681_.jpeg
620	0	1	item682_1.jpeg
621	1	0	item683_0.jpeg
622	0	1	item684_1.jpeg
623	1	1	item685_01.jpeg
624	1	0	item686_0.jpeg
625	0	1	item687_1.jpeg
626	0	0	item688_.jpeg
627	1	1	item689_10.jpeg
628	0	0	item68_.jpeg
629	0	0	item690_.jpeg
630	0	1	item691_1.jpeg
631	1	0	item692_0.jpeg
632	1	0	item693_0.jpeg
633	0	0	item694_.jpeg
634	0	0	item695_.jpeg
635	1	1	item696_01.jpeg
636	1	1	item697_10.jpeg
637	0	0	item698_.jpeg
638	1	1	item699_01.jpeg
639	0	1	item69_1.jpeg
640	1	1	item6_01.jpeg
641	0	0	item700_.jpeg
642	1	1	item701_10.jpeg
643	1	0	item702_0.jpeg
644	1	0	item703_0.jpeg
645	1	0	item704_0.jpeg
646	1	1	item705_10.jpeg
647	1	0	item706_0.jpeg
648	1	1	item707_01.jpeg
649	1	1	item708_01.jpeg
650	1	1	item709_01.jpeg
651	0	1	item710_1.jpeg
652	1	1	item712_01.jpeg
653	1	1	item713_01.jpeg
654	0	1	item714_1.jpeg
655	0	1	item715_1.jpeg
656	0	0	item716_.jpeg
657	0	0	item717_.jpeg
658	1	1	item718_10.jpeg
659	0	1	item719_1.jpeg
660	0	0	item71_.jpeg
661	1	1	item721_10.jpeg
662	0	0	item722_.jpeg
663	0	1	item723_1.jpeg
664	0	1	item724_1.jpeg
665	0	0	item725_.jpeg
666	1	1	item726_10.jpeg
667	1	1	item727_01.jpeg
668	0	0	item728_.jpeg
669	0	1	item729_1.jpeg
670	1	1	item72_10.jpeg
671	0	1	item730_1.jpeg
672	1	1	item731_01.jpeg
673	0	1	item732_1.jpeg
674	0	0	item733_.jpeg
675	0	0	item734_.jpeg
676	1	1	item735_10.jpeg
677	0	0	item736_.jpeg
678	1	0	item737_0.jpeg
679	1	0	item738_0.jpeg
680	1	1	item739_01.jpeg
681	0	0	item73_.jpeg
682	1	1	item740_10.jpeg
683	1	0	item741_0.jpeg
684	1	0	item742_0.jpeg
685	0	0	item743_.jpeg
686	1	1	item744_01.jpeg
687	1	1	item745_10.jpeg
688	0	0	item746_.jpeg
689	1	1	item747_01.jpeg
690	0	1	item748_1.jpeg
691	0	0	item749_.jpeg
692	1	1	item74_10.jpeg
693	0	1	item750_1.jpeg
694	1	1	item751_10.jpeg
695	1	0	item752_0.jpeg
696	1	1	item753_10.jpeg
697	0	0	item754_.jpeg
698	1	1	item755_10.jpeg
699	1	1	item756_10.jpeg
700	0	0	item757_.jpeg
701	1	1	item758_10.jpeg
702	0	0	item759_.jpeg
703	1	1	item75_01.jpeg
704	1	1	item760_10.jpeg
705	1	0	item761_0.jpeg
706	1	0	item762_0.jpeg
707	1	0	item763_0.jpeg
708	0	0	item764_.jpeg
709	0	0	item765_.jpeg
710	1	1	item766_01.jpeg
711	0	0	item767_.jpeg
712	1	1	item769_10.jpeg
713	0	0	item76_.jpeg
714	0	0	item770_.jpeg
715	0	1	item771_1.jpeg
716	0	0	item772_.jpeg
717	1	1	item773_10.jpeg
718	0	0	item774_.jpeg
719	0	0	item775_.jpeg
720	0	1	item776_1.jpeg
721	0	0	item777_.jpeg
722	0	1	item779_1.jpeg
723	0	1	item77_1.jpeg
724	1	1	item780_01.jpeg
725	0	0	item782_.jpeg
726	0	0	item783_.jpeg
727	1	0	item784_0.jpeg
728	0	1	item785_1.jpeg
729	1	0	item786_0.jpeg
730	1	1	item787_01.jpeg
731	1	1	item788_01.jpeg
732	0	0	item789_.jpeg
733	0	1	item78_1.jpeg
734	1	1	item790_10.jpeg
735	1	0	item791_0.jpeg
736	1	0	item792_0.jpeg
737	1	1	item793_10.jpeg
738	1	0	item794_0.jpeg
739	0	1	item795_1.jpeg
740	1	0	item796_0.jpeg
741	0	0	item797_.jpeg
742	0	0	item798_.jpeg
743	1	1	item799_01.jpeg
744	0	1	item79_1.jpeg
745	0	0	item7_.jpeg
746	0	0	item800_.jpeg
747	1	1	item801_01.jpeg
748	0	0	item802_.jpeg
749	1	0	item803_0.jpeg
750	1	1	item804_10.jpeg
751	0	0	item806_.jpeg
752	1	1	item807_10.jpeg
753	0	0	item808_.jpeg
754	0	1	item809_1.jpeg
755	1	0	item810_0.jpeg
756	1	0	item811_0.jpeg
757	1	1	item812_01.jpeg
758	1	1	item813_01.jpeg
759	1	0	item814_0.jpeg
760	1	1	item815_01.jpeg
761	1	0	item816_0.jpeg
762	1	0	item817_0.jpeg
763	0	0	item818_.jpeg
764	1	1	item819_01.jpeg
765	1	1	item81_10.jpeg
766	0	1	item820_1.jpeg
767	1	1	item821_01.jpeg
768	0	0	item822_.jpeg
769	0	0	item823_.jpeg
770	1	0	item824_0.jpeg
771	0	0	item825_.jpeg
772	0	0	item827_.jpeg
773	1	1	item828_10.jpeg
774	0	0	item829_.jpeg
775	1	1	item830_10.jpeg
776	0	0	item831_.jpeg
777	0	1	item832_1.jpeg
778	0	0	item833_.jpeg
779	1	0	item834_0.jpeg
780	0	0	item836_.jpeg
781	0	1	item837_1.jpeg
782	1	1	item838_01.jpeg
783	1	1	item839_10.jpeg
784	1	0	item83_0.jpeg
785	1	0	item840_0.jpeg
786	0	0	item841_.jpeg
787	0	1	item842_1.jpeg
788	1	1	item843_01.jpeg
789	1	0	item844_0.jpeg
790	0	0	item845_.jpeg
791	0	0	item846_.jpeg
792	1	0	item847_0.jpeg
793	0	0	item848_.jpeg
794	1	1	item849_10.jpeg
795	0	0	item84_.jpeg
796	1	0	item850_0.jpeg
797	0	0	item851_.jpeg
798	0	1	item852_1.jpeg
799	1	1	item853_10.jpeg
800	0	1	item854_1.jpeg
801	1	1	item855_10.jpeg
802	0	0	item856_.jpeg
803	1	1	item857_01.jpeg
804	1	1	item858_01.jpeg
805	0	0	item859_.jpeg
806	0	0	item860_.jpeg
807	1	0	item861_0.jpeg
808	1	1	item862_10.jpeg
809	1	1	item863_01.jpeg
810	0	1	item864_1.jpeg
811	1	1	item865_10.jpeg
812	0	0	item866_.jpeg
813	0	1	item867_1.jpeg
814	0	1	item868_1.jpeg
815	0	0	item869_.jpeg
816	1	1	item86_01.jpeg
817	0	1	item870_1.jpeg
818	0	0	item871_.jpeg
819	1	1	item872_10.jpeg
820	0	0	item873_.jpeg
821	0	1	item874_1.jpeg
822	0	0	item875_.jpeg
823	0	0	item876_.jpeg
824	0	0	item877_.jpeg
825	1	1	item878_10.jpeg
826	0	1	item879_1.jpeg
827	0	1	item87_1.jpeg
828	1	1	item880_01.jpeg
829	0	0	item881_.jpeg
830	0	0	item882_.jpeg
831	1	1	item883_01.jpeg
832	1	1	item884_01.jpeg
833	1	1	item885_01.jpeg
834	0	0	item886_.jpeg
835	0	1	item887_1.jpeg
836	1	0	item888_0.jpeg
837	0	1	item889_1.jpeg
838	1	0	item88_0.jpeg
839	1	1	item890_01.jpeg
840	0	1	item891_1.jpeg
841	1	1	item892_10.jpeg
842	0	1	item893_1.jpeg
843	0	1	item894_1.jpeg
844	1	1	item895_10.jpeg
845	0	0	item896_.jpeg
846	0	1	item897_1.jpeg
847	1	0	item899_0.jpeg
848	0	1	item89_1.jpeg
849	0	0	item8_.jpeg
850	0	0	item900_.jpeg
851	0	0	item901_.jpeg
852	0	0	item902_.jpeg
853	0	0	item903_.jpeg
854	0	0	item904_.jpeg
855	0	0	item905_.jpeg
856	1	1	item906_10.jpeg
857	0	0	item907_.jpeg
858	0	0	item908_.jpeg
859	0	0	item909_.jpeg
860	1	1	item90_01.jpeg
861	1	0	item910_0.jpeg
862	1	1	item911_10.jpeg
863	0	1	item912_1.jpeg
864	1	0	item913_0.jpeg
865	0	0	item914_.jpeg
866	0	0	item915_.jpeg
867	1	1	item918_01.jpeg
868	1	0	item919_0.jpeg
869	1	0	item91_0.jpeg
870	1	1	item920_10.jpeg
871	1	1	item921_01.jpeg
872	1	0	item922_0.jpeg
873	0	0	item923_.jpeg
874	0	0	item924_.jpeg
875	1	1	item925_10.jpeg
876	1	1	item926_01.jpeg
877	0	0	item927_.jpeg
878	0	1	item928_1.jpeg
879	1	1	item929_10.jpeg
880	0	0	item92_.jpeg
881	0	0	item930_.jpeg
882	0	0	item931_.jpeg
883	1	1	item932_10.jpeg
884	0	0	item933_.jpeg
885	0	1	item934_1.jpeg
886	0	0	item935_.jpeg
887	1	0	item936_0.jpeg
888	0	1	item937_1.jpeg
889	0	0	item939_.jpeg
890	1	1	item93_01.jpeg
891	0	0	item940_.jpeg
892	1	1	item941_01.jpeg
893	1	0	item942_0.jpeg
894	1	0	item943_0.jpeg
895	1	1	item944_01.jpeg
896	0	0	item945_.jpeg
897	1	1	item946_01.jpeg
898	0	1	item947_1.jpeg
899	0	0	item948_.jpeg
900	1	0	item949_0.jpeg
901	0	1	item94_1.jpeg
902	0	0	item950_.jpeg
903	1	1	item951_01.jpeg
904	0	1	item952_1.jpeg
905	0	1	item953_1.jpeg
906	0	0	item954_.jpeg
907	1	1	item955_10.jpeg
908	0	1	item956_1.jpeg
909	1	0	item957_0.jpeg
910	0	0	item958_.jpeg
911	1	1	item959_10.jpeg
912	0	1	item95_1.jpeg
913	1	1	item960_01.jpeg
914	1	1	item961_10.jpeg
915	1	1	item962_01.jpeg
916	1	1	item963_01.jpeg
917	0	1	item964_1.jpeg
918	1	1	item965_01.jpeg
919	1	0	item966_0.jpeg
920	1	1	item967_01.jpeg
921	0	0	item968_.jpeg
922	0	0	item969_.jpeg
923	0	1	item96_1.jpeg
924	0	1	item970_1.jpeg
925	0	0	item971_.jpeg
926	1	0	item972_0.jpeg
927	0	1	item973_1.jpeg
928	0	0	item974_.jpeg
929	1	1	item975_10.jpeg
930	1	0	item976_0.jpeg
931	1	1	item977_01.jpeg
932	1	1	item978_01.jpeg
933	0	0	item979_.jpeg
934	1	1	item97_01.jpeg
935	1	1	item980_10.jpeg
936	0	0	item981_.jpeg
937	0	0	item982_.jpeg
938	1	0	item983_0.jpeg
939	0	0	item984_.jpeg
940	0	1	item985_1.jpeg
941	1	0	item986_0.jpeg
942	1	1	item987_10.jpeg
943	1	1	item988_10.jpeg
944	0	0	item989_.jpeg
945	0	0	item98_.jpeg
946	0	0	item990_.jpeg
947	0	1	item991_1.jpeg
948	0	0	item992_.jpeg
949	1	1	item993_01.jpeg
950	1	1	item994_10.jpeg
951	1	1	item996_10.jpeg
952	1	1	item997_01.jpeg
953	1	1	item998_10.jpeg
954	1	0	item999_0.jpeg
955	0	1	item99_1.jpeg
956	0	0	item9_.jpeg
